{"/home/jam/Documents/GitHub/websocket-debugger/websocket-debugger/src/DebugPage/WebSocketDebuggerForm.tsx": {"path":"/home/jam/Documents/GitHub/websocket-debugger/websocket-debugger/src/DebugPage/WebSocketDebuggerForm.tsx","statementMap":{"0":{"start":{"line":2,"column":0},"end":{"line":2,"column":35}},"1":{"start":{"line":3,"column":0},"end":{"line":3,"column":28}},"2":{"start":{"line":4,"column":0},"end":{"line":4,"column":42}},"3":{"start":{"line":7,"column":13},"end":{"line":10,"column":1}},"4":{"start":{"line":9,"column":4},"end":{"line":9,"column":38}},"5":{"start":{"line":214,"column":8},"end":{"line":214,"column":12}},"6":{"start":{"line":12,"column":14},"end":{"line":15,"column":1}},"7":{"start":{"line":14,"column":4},"end":{"line":14,"column":39}},"8":{"start":{"line":214,"column":14},"end":{"line":214,"column":19}},"9":{"start":{"line":18,"column":30},"end":{"line":211,"column":1}},"10":{"start":{"line":19,"column":38},"end":{"line":19,"column":53}},"11":{"start":{"line":20,"column":32},"end":{"line":20,"column":47}},"12":{"start":{"line":21,"column":30},"end":{"line":21,"column":45}},"13":{"start":{"line":22,"column":26},"end":{"line":22,"column":38}},"14":{"start":{"line":23,"column":56},"end":{"line":23,"column":68}},"15":{"start":{"line":24,"column":70},"end":{"line":24,"column":82}},"16":{"start":{"line":25,"column":50},"end":{"line":25,"column":62}},"17":{"start":{"line":26,"column":60},"end":{"line":26,"column":72}},"18":{"start":{"line":27,"column":48},"end":{"line":27,"column":60}},"19":{"start":{"line":28,"column":36},"end":{"line":28,"column":48}},"20":{"start":{"line":33,"column":20},"end":{"line":101,"column":5}},"21":{"start":{"line":34,"column":8},"end":{"line":100,"column":9}},"22":{"start":{"line":38,"column":12},"end":{"line":92,"column":13}},"23":{"start":{"line":39,"column":16},"end":{"line":43,"column":17}},"24":{"start":{"line":40,"column":20},"end":{"line":40,"column":57}},"25":{"start":{"line":42,"column":20},"end":{"line":42,"column":47}},"26":{"start":{"line":46,"column":40},"end":{"line":46,"column":42}},"27":{"start":{"line":48,"column":16},"end":{"line":57,"column":17}},"28":{"start":{"line":49,"column":20},"end":{"line":55,"column":21}},"29":{"start":{"line":50,"column":24},"end":{"line":50,"column":71}},"30":{"start":{"line":52,"column":24},"end":{"line":52,"column":80}},"31":{"start":{"line":59,"column":16},"end":{"line":63,"column":19}},"32":{"start":{"line":60,"column":20},"end":{"line":60,"column":39}},"33":{"start":{"line":67,"column":16},"end":{"line":72,"column":17}},"34":{"start":{"line":68,"column":20},"end":{"line":68,"column":45}},"35":{"start":{"line":71,"column":20},"end":{"line":71,"column":48}},"36":{"start":{"line":74,"column":16},"end":{"line":74,"column":50}},"37":{"start":{"line":76,"column":16},"end":{"line":80,"column":18}},"38":{"start":{"line":77,"column":20},"end":{"line":77,"column":59}},"39":{"start":{"line":79,"column":20},"end":{"line":79,"column":null}},"40":{"start":{"line":82,"column":16},"end":{"line":85,"column":18}},"41":{"start":{"line":83,"column":20},"end":{"line":83,"column":59}},"42":{"start":{"line":87,"column":16},"end":{"line":91,"column":18}},"43":{"start":{"line":88,"column":20},"end":{"line":88,"column":57}},"44":{"start":{"line":90,"column":20},"end":{"line":90,"column":40}},"45":{"start":{"line":94,"column":12},"end":{"line":94,"column":33}},"46":{"start":{"line":97,"column":12},"end":{"line":97,"column":53}},"47":{"start":{"line":99,"column":12},"end":{"line":99,"column":19}},"48":{"start":{"line":107,"column":4},"end":{"line":128,"column":null}},"49":{"start":{"line":108,"column":8},"end":{"line":111,"column":9}},"50":{"start":{"line":109,"column":12},"end":{"line":109,"column":35}},"51":{"start":{"line":110,"column":12},"end":{"line":110,"column":19}},"52":{"start":{"line":113,"column":8},"end":{"line":127,"column":9}},"53":{"start":{"line":114,"column":12},"end":{"line":119,"column":13}},"54":{"start":{"line":115,"column":16},"end":{"line":115,"column":41}},"55":{"start":{"line":118,"column":16},"end":{"line":118,"column":36}},"56":{"start":{"line":121,"column":12},"end":{"line":121,"column":59}},"57":{"start":{"line":122,"column":12},"end":{"line":122,"column":32}},"58":{"start":{"line":124,"column":12},"end":{"line":124,"column":59}},"59":{"start":{"line":126,"column":12},"end":{"line":126,"column":null}},"60":{"start":{"line":184,"column":18},"end":{"line":187,"column":5}},"61":{"start":{"line":186,"column":8},"end":{"line":186,"column":43}},"62":{"start":{"line":193,"column":16},"end":{"line":198,"column":5}},"63":{"start":{"line":194,"column":23},"end":{"line":194,"column":38}},"64":{"start":{"line":195,"column":27},"end":{"line":195,"column":52}},"65":{"start":{"line":196,"column":8},"end":{"line":196,"column":34}},"66":{"start":{"line":197,"column":8},"end":{"line":197,"column":32}},"67":{"start":{"line":205,"column":4},"end":{"line":209,"column":null}},"68":{"start":{"line":213,"column":0},"end":{"line":213,"column":37}}},"fnMap":{"0":{"name":"(anonymous_1)","decl":{"start":{"line":7,"column":13},"end":{"line":7,"column":14}},"loc":{"start":{"line":7,"column":33},"end":{"line":10,"column":1}}},"1":{"name":"(anonymous_2)","decl":{"start":{"line":12,"column":14},"end":{"line":12,"column":15}},"loc":{"start":{"line":12,"column":34},"end":{"line":15,"column":1}}},"2":{"name":"(anonymous_3)","decl":{"start":{"line":18,"column":30},"end":{"line":18,"column":33}},"loc":{"start":{"line":18,"column":35},"end":{"line":211,"column":1}}},"3":{"name":"(anonymous_4)","decl":{"start":{"line":33,"column":20},"end":{"line":33,"column":23}},"loc":{"start":{"line":33,"column":25},"end":{"line":101,"column":5}}},"4":{"name":"(anonymous_5)","decl":{"start":{"line":59,"column":46},"end":{"line":59,"column":49}},"loc":{"start":{"line":59,"column":51},"end":{"line":63,"column":17}}},"5":{"name":"(anonymous_6)","decl":{"start":{"line":76,"column":32},"end":{"line":76,"column":33}},"loc":{"start":{"line":76,"column":45},"end":{"line":80,"column":17}}},"6":{"name":"(anonymous_7)","decl":{"start":{"line":82,"column":35},"end":{"line":82,"column":36}},"loc":{"start":{"line":82,"column":55},"end":{"line":85,"column":17}}},"7":{"name":"(anonymous_8)","decl":{"start":{"line":87,"column":33},"end":{"line":87,"column":34}},"loc":{"start":{"line":87,"column":46},"end":{"line":91,"column":17}}},"8":{"name":"(anonymous_9)","decl":{"start":{"line":107,"column":27},"end":{"line":107,"column":30}},"loc":{"start":{"line":107,"column":32},"end":{"line":128,"column":5}}},"9":{"name":"(anonymous_10)","decl":{"start":{"line":184,"column":18},"end":{"line":184,"column":19}},"loc":{"start":{"line":184,"column":38},"end":{"line":187,"column":5}}},"10":{"name":"(anonymous_11)","decl":{"start":{"line":193,"column":16},"end":{"line":193,"column":17}},"loc":{"start":{"line":193,"column":29},"end":{"line":198,"column":5}}}},"branchMap":{"0":{"loc":{"start":{"line":38,"column":12},"end":{"line":92,"column":13}},"type":"if","locations":[{"start":{"line":38,"column":12},"end":{"line":92,"column":13}},{"start":{"line":66,"column":19},"end":{"line":92,"column":13}}]},"1":{"loc":{"start":{"line":39,"column":16},"end":{"line":43,"column":17}},"type":"if","locations":[{"start":{"line":39,"column":16},"end":{"line":43,"column":17}},{"start":{"line":41,"column":23},"end":{"line":43,"column":17}}]},"2":{"loc":{"start":{"line":48,"column":16},"end":{"line":57,"column":17}},"type":"if","locations":[{"start":{"line":48,"column":16},"end":{"line":57,"column":17}}]},"3":{"loc":{"start":{"line":67,"column":16},"end":{"line":72,"column":17}},"type":"if","locations":[{"start":{"line":67,"column":16},"end":{"line":72,"column":17}},{"start":{"line":70,"column":23},"end":{"line":72,"column":17}}]},"4":{"loc":{"start":{"line":108,"column":8},"end":{"line":111,"column":9}},"type":"if","locations":[{"start":{"line":108,"column":8},"end":{"line":111,"column":9}}]},"5":{"loc":{"start":{"line":114,"column":12},"end":{"line":119,"column":13}},"type":"if","locations":[{"start":{"line":114,"column":12},"end":{"line":119,"column":13}},{"start":{"line":117,"column":19},"end":{"line":119,"column":13}}]}},"s":{"0":1,"1":1,"2":1,"3":1,"4":2,"5":1,"6":1,"7":1,"8":1,"9":1,"10":0,"11":0,"12":0,"13":0,"14":0,"15":0,"16":0,"17":0,"18":0,"19":0,"20":0,"21":0,"22":0,"23":0,"24":0,"25":0,"26":0,"27":0,"28":0,"29":0,"30":0,"31":0,"32":0,"33":0,"34":0,"35":0,"36":0,"37":0,"38":0,"39":0,"40":0,"41":0,"42":0,"43":0,"44":0,"45":0,"46":0,"47":0,"48":0,"49":0,"50":0,"51":0,"52":0,"53":0,"54":0,"55":0,"56":0,"57":0,"58":0,"59":0,"60":0,"61":0,"62":0,"63":0,"64":0,"65":0,"66":0,"67":0,"68":1},"f":{"0":2,"1":1,"2":0,"3":0,"4":0,"5":0,"6":0,"7":0,"8":0,"9":0,"10":0},"b":{"0":[0,0],"1":[0,0],"2":[0],"3":[0,0],"4":[0],"5":[0,0]}}
}
