TN:
SF:src/DebugPage/WebSocketDebuggerForm.tsx
FN:7,(anonymous_1)
FN:12,(anonymous_2)
FN:18,(anonymous_3)
FN:33,(anonymous_4)
FN:59,(anonymous_5)
FN:76,(anonymous_6)
FN:82,(anonymous_7)
FN:87,(anonymous_8)
FN:107,(anonymous_9)
FN:184,(anonymous_10)
FN:193,(anonymous_11)
FNF:11
FNH:2
FNDA:2,(anonymous_1)
FNDA:1,(anonymous_2)
FNDA:0,(anonymous_3)
FNDA:0,(anonymous_4)
FNDA:0,(anonymous_5)
FNDA:0,(anonymous_6)
FNDA:0,(anonymous_7)
FNDA:0,(anonymous_8)
FNDA:0,(anonymous_9)
FNDA:0,(anonymous_10)
FNDA:0,(anonymous_11)
DA:2,1
DA:3,1
DA:4,1
DA:7,1
DA:9,2
DA:12,1
DA:14,1
DA:18,1
DA:19,0
DA:20,0
DA:21,0
DA:22,0
DA:23,0
DA:24,0
DA:25,0
DA:26,0
DA:27,0
DA:28,0
DA:33,0
DA:34,0
DA:38,0
DA:39,0
DA:40,0
DA:42,0
DA:46,0
DA:48,0
DA:49,0
DA:50,0
DA:52,0
DA:59,0
DA:60,0
DA:67,0
DA:68,0
DA:71,0
DA:74,0
DA:76,0
DA:77,0
DA:79,0
DA:82,0
DA:83,0
DA:87,0
DA:88,0
DA:90,0
DA:94,0
DA:97,0
DA:99,0
DA:107,0
DA:108,0
DA:109,0
DA:110,0
DA:113,0
DA:114,0
DA:115,0
DA:118,0
DA:121,0
DA:122,0
DA:124,0
DA:126,0
DA:184,0
DA:186,0
DA:193,0
DA:194,0
DA:195,0
DA:196,0
DA:197,0
DA:205,0
DA:213,1
DA:214,1
LF:68
LH:10
BRDA:38,0,0,0
BRDA:38,0,1,0
BRDA:39,1,0,0
BRDA:39,1,1,0
BRDA:48,2,0,0
BRDA:67,3,0,0
BRDA:67,3,1,0
BRDA:108,4,0,0
BRDA:114,5,0,0
BRDA:114,5,1,0
BRF:10
BRH:0
end_of_record
